{"C:\\Users\\ARCHIT ANIRUDHAN\\OneDrive\\Desktop\\React\\namaste-react\\src\\components\\Contact.jsx": {"path":"C:\\Users\\ARCHIT ANIRUDHAN\\OneDrive\\Desktop\\React\\namaste-react\\src\\components\\Contact.jsx","statementMap":{"0":{"start":{"line":1,"column":16},"end":{"line":20,"column":1}},"1":{"start":{"line":2,"column":2},"end":{"line":19,"column":4}}},"fnMap":{"0":{"name":"(anonymous_0)","decl":{"start":{"line":1,"column":16},"end":{"line":1,"column":17}},"loc":{"start":{"line":1,"column":22},"end":{"line":20,"column":1}},"line":1}},"branchMap":{},"s":{"0":1,"1":1},"f":{"0":1},"b":{},"_coverageSchema":"1a1c01bbd47fc00a2c39e90264f33305004495a9","hash":"2df42bb5b68c278ed6ac2e625408ce8a9bcc7aaa"}
,"C:\\Users\\ARCHIT ANIRUDHAN\\OneDrive\\Desktop\\React\\namaste-react\\src\\components\\sum.js": {"path":"C:\\Users\\ARCHIT ANIRUDHAN\\OneDrive\\Desktop\\React\\namaste-react\\src\\components\\sum.js","statementMap":{"0":{"start":{"line":1,"column":19},"end":{"line":3,"column":1}},"1":{"start":{"line":2,"column":1},"end":{"line":2,"column":11}}},"fnMap":{"0":{"name":"(anonymous_0)","decl":{"start":{"line":1,"column":19},"end":{"line":1,"column":20}},"loc":{"start":{"line":1,"column":27},"end":{"line":3,"column":1}},"line":1}},"branchMap":{},"s":{"0":1,"1":1},"f":{"0":1},"b":{},"_coverageSchema":"1a1c01bbd47fc00a2c39e90264f33305004495a9","hash":"2c667b2e23f35b8b51d564c086eb8128fc904008"}
}
